Copyright 1986-2022 Xilinx, Inc. All Rights Reserved. Copyright 2022-2025 Advanced Micro Devices, Inc. All Rights Reserved.
------------------------------------------------------------------------------------------------------------------------------------------------------------------------------------------------------------------------------------------------
| Tool Version : Vivado v.2025.2 (win64) Build 6299465 Fri Nov 14 19:35:11 GMT 2025
| Date         : Tue Jun 23 19:47:53 2026
| Host         : xnorgate running 64-bit major release  (build 9200)
| Command      : report_timing_summary -max_paths 10 -routable_nets -report_unconstrained -file datapath_top_timing_summary_routed.rpt -pb datapath_top_timing_summary_routed.pb -rpx datapath_top_timing_summary_routed.rpx -warn_on_violation
| Design       : datapath_top
| Device       : 7a35t-cpg236
| Speed File   : -3  PRODUCTION 1.23 2018-06-13
| Design State : Routed
------------------------------------------------------------------------------------------------------------------------------------------------------------------------------------------------------------------------------------------------

Timing Summary Report

------------------------------------------------------------------------------------------------
| Timer Settings
| --------------
------------------------------------------------------------------------------------------------

  Enable Multi Corner Analysis               :  Yes
  Enable Pessimism Removal                   :  Yes
  Pessimism Removal Resolution               :  Nearest Common Node
  Enable Input Delay Default Clock           :  No
  Enable Preset / Clear Arcs                 :  No
  Disable Flight Delays                      :  No
  Ignore I/O Paths                           :  No
  Timing Early Launch at Borrowing Latches   :  No
  Borrow Time for Max Delay Exceptions       :  Yes
  Merge Timing Exceptions                    :  Yes
  Inter-SLR Compensation                     :  Conservative

  Corner  Analyze    Analyze    
  Name    Max Paths  Min Paths  
  ------  ---------  ---------  
  Slow    Yes        Yes        
  Fast    Yes        Yes        


------------------------------------------------------------------------------------------------
| Report Methodology
| ------------------
------------------------------------------------------------------------------------------------

Rule       Severity          Description                  Violations  
---------  ----------------  ---------------------------  ----------  
TIMING-17  Critical Warning  Non-clocked sequential cell  120         

Note: This report is based on the most recent report_methodology run and may not be up-to-date. Run report_methodology on the current design for the latest report.



check_timing report

Table of Contents
-----------------
1. checking no_clock (120)
2. checking constant_clock (0)
3. checking pulse_width_clock (0)
4. checking unconstrained_internal_endpoints (572)
5. checking no_input_delay (1)
6. checking no_output_delay (32)
7. checking multiple_clock (0)
8. checking generated_clocks (0)
9. checking loops (0)
10. checking partial_input_delay (0)
11. checking partial_output_delay (0)
12. checking latch_loops (0)

1. checking no_clock (120)
--------------------------
 There are 120 register/latch pins with no clock driven by root clock pin: clk (HIGH)


2. checking constant_clock (0)
------------------------------
 There are 0 register/latch pins with constant_clock.


3. checking pulse_width_clock (0)
---------------------------------
 There are 0 register/latch pins which need pulse_width check


4. checking unconstrained_internal_endpoints (572)
--------------------------------------------------
 There are 572 pins that are not constrained for maximum delay. (HIGH)

 There are 0 pins that are not constrained for maximum delay due to constant clock.


5. checking no_input_delay (1)
------------------------------
 There is 1 input port with no input delay specified. (HIGH)

 There are 0 input ports with no input delay but user has a false path constraint.


6. checking no_output_delay (32)
--------------------------------
 There are 32 ports with no output delay specified. (HIGH)

 There are 0 ports with no output delay but user has a false path constraint

 There are 0 ports with no output delay but with a timing clock defined on it or propagating through it


7. checking multiple_clock (0)
------------------------------
 There are 0 register/latch pins with multiple clocks.


8. checking generated_clocks (0)
--------------------------------
 There are 0 generated clocks that are not connected to a clock source.


9. checking loops (0)
---------------------
 There are 0 combinational loops in the design.


10. checking partial_input_delay (0)
------------------------------------
 There are 0 input ports with partial input delay specified.


11. checking partial_output_delay (0)
-------------------------------------
 There are 0 ports with partial output delay specified.


12. checking latch_loops (0)
----------------------------
 There are 0 combinational latch loops in the design through latch input



------------------------------------------------------------------------------------------------
| Design Timing Summary
| ---------------------
------------------------------------------------------------------------------------------------

    WNS(ns)      TNS(ns)  TNS Failing Endpoints  TNS Total Endpoints      WHS(ns)      THS(ns)  THS Failing Endpoints  THS Total Endpoints     WPWS(ns)     TPWS(ns)  TPWS Failing Endpoints  TPWS Total Endpoints  
    -------      -------  ---------------------  -------------------      -------      -------  ---------------------  -------------------     --------     --------  ----------------------  --------------------  
        inf        0.000                      0                  604          inf        0.000                      0                  604           NA           NA                      NA                    NA  


There are no user specified timing constraints.


------------------------------------------------------------------------------------------------
| Clock Summary
| -------------
------------------------------------------------------------------------------------------------


------------------------------------------------------------------------------------------------
| Intra Clock Table
| -----------------
------------------------------------------------------------------------------------------------

Clock             WNS(ns)      TNS(ns)  TNS Failing Endpoints  TNS Total Endpoints      WHS(ns)      THS(ns)  THS Failing Endpoints  THS Total Endpoints     WPWS(ns)     TPWS(ns)  TPWS Failing Endpoints  TPWS Total Endpoints  
-----             -------      -------  ---------------------  -------------------      -------      -------  ---------------------  -------------------     --------     --------  ----------------------  --------------------  


------------------------------------------------------------------------------------------------
| Inter Clock Table
| -----------------
------------------------------------------------------------------------------------------------

From Clock    To Clock          WNS(ns)      TNS(ns)  TNS Failing Endpoints  TNS Total Endpoints      WHS(ns)      THS(ns)  THS Failing Endpoints  THS Total Endpoints  
----------    --------          -------      -------  ---------------------  -------------------      -------      -------  ---------------------  -------------------  


------------------------------------------------------------------------------------------------
| Other Path Groups Table
| -----------------------
------------------------------------------------------------------------------------------------

Path Group    From Clock    To Clock          WNS(ns)      TNS(ns)  TNS Failing Endpoints  TNS Total Endpoints      WHS(ns)      THS(ns)  THS Failing Endpoints  THS Total Endpoints  
----------    ----------    --------          -------      -------  ---------------------  -------------------      -------      -------  ---------------------  -------------------  


------------------------------------------------------------------------------------------------
| User Ignored Path Table
| -----------------------
------------------------------------------------------------------------------------------------

Path Group    From Clock    To Clock    
----------    ----------    --------    


------------------------------------------------------------------------------------------------
| Unconstrained Path Table
| ------------------------
------------------------------------------------------------------------------------------------

Path Group    From Clock    To Clock    
----------    ----------    --------    
(none)                                    


------------------------------------------------------------------------------------------------
| Timing Details
| --------------
------------------------------------------------------------------------------------------------


--------------------------------------------------------------------------------------
Path Group:  (none)
From Clock:  
  To Clock:  

Max Delay           604 Endpoints
Min Delay           604 Endpoints
--------------------------------------------------------------------------------------


Max Delay Paths
--------------------------------------------------------------------------------------
Slack:                    inf
  Source:                 pc_inst/pc_reg_reg[4]/C
                            (rising edge-triggered cell FDRE)
  Destination:            pc_inst/pc_reg_reg[30]/D
  Path Group:             (none)
  Path Type:              Max at Slow Process Corner
  Data Path Delay:        10.014ns  (logic 3.497ns (34.922%)  route 6.517ns (65.078%))
  Logic Levels:           23  (CARRY4=14 FDRE=1 LUT3=2 LUT4=1 LUT5=1 LUT6=3 RAMD32=1)

    Location             Delay type                Incr(ns)  Path(ns)    Netlist Resource(s)
  -------------------------------------------------------------------    -------------------
    SLICE_X0Y11          FDRE                         0.000     0.000 r  pc_inst/pc_reg_reg[4]/C
    SLICE_X0Y11          FDRE (Prop_fdre_C_Q)         0.341     0.341 f  pc_inst/pc_reg_reg[4]/Q
                         net (fo=8, routed)           0.749     1.090    pc_inst/pc_out_OBUF[4]
    SLICE_X0Y9           LUT6 (Prop_lut6_I5_O)        0.097     1.187 f  pc_inst/registers_reg_r1_0_31_0_5_i_12/O
                         net (fo=19, routed)          0.812     1.999    pc_inst/registers_reg_r1_0_31_0_5_i_12_n_0
    SLICE_X7Y9           LUT3 (Prop_lut3_I1_O)        0.097     2.096 r  pc_inst/registers_reg_r1_0_31_0_5_i_8/O
                         net (fo=191, routed)         1.147     3.243    register_file_inst/registers_reg_r1_0_31_6_11/ADDRB0
    SLICE_X2Y10          RAMD32 (Prop_ramd32_RADR0_O)
                                                      0.100     3.343 r  register_file_inst/registers_reg_r1_0_31_6_11/RAMB/O
                         net (fo=3, routed)           0.726     4.069    register_file_inst/rs1_data0[8]
    SLICE_X4Y10          LUT4 (Prop_lut4_I0_O)        0.250     4.319 r  register_file_inst/result0_carry__1_i_8/O
                         net (fo=1, routed)           0.000     4.319    alu_inst/registers_reg_r1_0_31_6_11_i_4_1[0]
    SLICE_X4Y10          CARRY4 (Prop_carry4_S[0]_CO[3])
                                                      0.395     4.714 r  alu_inst/result0_carry__1/CO[3]
                         net (fo=1, routed)           0.000     4.714    alu_inst/result0_carry__1_n_0
    SLICE_X4Y11          CARRY4 (Prop_carry4_CI_CO[3])
                                                      0.089     4.803 r  alu_inst/result0_carry__2/CO[3]
                         net (fo=1, routed)           0.000     4.803    alu_inst/result0_carry__2_n_0
    SLICE_X4Y12          CARRY4 (Prop_carry4_CI_CO[3])
                                                      0.089     4.892 r  alu_inst/result0_carry__3/CO[3]
                         net (fo=1, routed)           0.000     4.892    alu_inst/result0_carry__3_n_0
    SLICE_X4Y13          CARRY4 (Prop_carry4_CI_CO[3])
                                                      0.089     4.981 r  alu_inst/result0_carry__4/CO[3]
                         net (fo=1, routed)           0.000     4.981    alu_inst/result0_carry__4_n_0
    SLICE_X4Y14          CARRY4 (Prop_carry4_CI_CO[3])
                                                      0.089     5.070 r  alu_inst/result0_carry__5/CO[3]
                         net (fo=1, routed)           0.000     5.070    alu_inst/result0_carry__5_n_0
    SLICE_X4Y15          CARRY4 (Prop_carry4_CI_O[2])
                                                      0.181     5.251 r  alu_inst/result0_carry__6/O[2]
                         net (fo=1, routed)           0.595     5.847    alu_inst/data0[30]
    SLICE_X5Y16          LUT3 (Prop_lut3_I2_O)        0.230     6.077 r  alu_inst/registers_reg_r1_0_31_30_31_i_1/O
                         net (fo=5, routed)           0.613     6.690    alu_inst/alu_result[30]
    SLICE_X6Y15          LUT6 (Prop_lut6_I5_O)        0.097     6.787 r  alu_inst/pc_reg[0]_i_8/O
                         net (fo=1, routed)           0.648     7.435    alu_inst/pc_reg[0]_i_8_n_0
    SLICE_X6Y15          LUT6 (Prop_lut6_I2_O)        0.097     7.532 r  alu_inst/pc_reg[0]_i_2/O
                         net (fo=33, routed)          1.226     8.758    alu_inst/pc_reg[0]_i_2_n_0
    SLICE_X0Y11          LUT5 (Prop_lut5_I1_O)        0.097     8.855 r  alu_inst/pc_reg[1]_i_6/O
                         net (fo=1, routed)           0.000     8.855    alu_inst/pc_reg[1]_i_6_n_0
    SLICE_X0Y11          CARRY4 (Prop_carry4_S[0]_CO[3])
                                                      0.395     9.250 r  alu_inst/pc_reg_reg[1]_i_1/CO[3]
                         net (fo=1, routed)           0.000     9.250    alu_inst/pc_reg_reg[1]_i_1_n_0
    SLICE_X0Y12          CARRY4 (Prop_carry4_CI_CO[3])
                                                      0.089     9.339 r  alu_inst/pc_reg_reg[5]_i_1/CO[3]
                         net (fo=1, routed)           0.000     9.339    alu_inst/pc_reg_reg[5]_i_1_n_0
    SLICE_X0Y13          CARRY4 (Prop_carry4_CI_CO[3])
                                                      0.089     9.428 r  alu_inst/pc_reg_reg[9]_i_1/CO[3]
                         net (fo=1, routed)           0.000     9.428    alu_inst/pc_reg_reg[9]_i_1_n_0
    SLICE_X0Y14          CARRY4 (Prop_carry4_CI_CO[3])
                                                      0.089     9.517 r  alu_inst/pc_reg_reg[13]_i_1/CO[3]
                         net (fo=1, routed)           0.000     9.517    alu_inst/pc_reg_reg[13]_i_1_n_0
    SLICE_X0Y15          CARRY4 (Prop_carry4_CI_CO[3])
                                                      0.089     9.606 r  alu_inst/pc_reg_reg[17]_i_1/CO[3]
                         net (fo=1, routed)           0.000     9.606    alu_inst/pc_reg_reg[17]_i_1_n_0
    SLICE_X0Y16          CARRY4 (Prop_carry4_CI_CO[3])
                                                      0.089     9.695 r  alu_inst/pc_reg_reg[21]_i_1/CO[3]
                         net (fo=1, routed)           0.000     9.695    alu_inst/pc_reg_reg[21]_i_1_n_0
    SLICE_X0Y17          CARRY4 (Prop_carry4_CI_CO[3])
                                                      0.089     9.784 r  alu_inst/pc_reg_reg[25]_i_1/CO[3]
                         net (fo=1, routed)           0.000     9.784    alu_inst/pc_reg_reg[25]_i_1_n_0
    SLICE_X0Y18          CARRY4 (Prop_carry4_CI_O[1])
                                                      0.230    10.014 r  alu_inst/pc_reg_reg[29]_i_1/O[1]
                         net (fo=1, routed)           0.000    10.014    pc_inst/pc_reg_reg[31]_0[1]
    SLICE_X0Y18          FDRE                                         r  pc_inst/pc_reg_reg[30]/D
  -------------------------------------------------------------------    -------------------

Slack:                    inf
  Source:                 pc_inst/pc_reg_reg[4]/C
                            (rising edge-triggered cell FDRE)
  Destination:            pc_inst/pc_reg_reg[31]/D
  Path Group:             (none)
  Path Type:              Max at Slow Process Corner
  Data Path Delay:        9.965ns  (logic 3.448ns (34.602%)  route 6.517ns (65.398%))
  Logic Levels:           23  (CARRY4=14 FDRE=1 LUT3=2 LUT4=1 LUT5=1 LUT6=3 RAMD32=1)

    Location             Delay type                Incr(ns)  Path(ns)    Netlist Resource(s)
  -------------------------------------------------------------------    -------------------
    SLICE_X0Y11          FDRE                         0.000     0.000 r  pc_inst/pc_reg_reg[4]/C
    SLICE_X0Y11          FDRE (Prop_fdre_C_Q)         0.341     0.341 f  pc_inst/pc_reg_reg[4]/Q
                         net (fo=8, routed)           0.749     1.090    pc_inst/pc_out_OBUF[4]
    SLICE_X0Y9           LUT6 (Prop_lut6_I5_O)        0.097     1.187 f  pc_inst/registers_reg_r1_0_31_0_5_i_12/O
                         net (fo=19, routed)          0.812     1.999    pc_inst/registers_reg_r1_0_31_0_5_i_12_n_0
    SLICE_X7Y9           LUT3 (Prop_lut3_I1_O)        0.097     2.096 r  pc_inst/registers_reg_r1_0_31_0_5_i_8/O
                         net (fo=191, routed)         1.147     3.243    register_file_inst/registers_reg_r1_0_31_6_11/ADDRB0
    SLICE_X2Y10          RAMD32 (Prop_ramd32_RADR0_O)
                                                      0.100     3.343 r  register_file_inst/registers_reg_r1_0_31_6_11/RAMB/O
                         net (fo=3, routed)           0.726     4.069    register_file_inst/rs1_data0[8]
    SLICE_X4Y10          LUT4 (Prop_lut4_I0_O)        0.250     4.319 r  register_file_inst/result0_carry__1_i_8/O
                         net (fo=1, routed)           0.000     4.319    alu_inst/registers_reg_r1_0_31_6_11_i_4_1[0]
    SLICE_X4Y10          CARRY4 (Prop_carry4_S[0]_CO[3])
                                                      0.395     4.714 r  alu_inst/result0_carry__1/CO[3]
                         net (fo=1, routed)           0.000     4.714    alu_inst/result0_carry__1_n_0
    SLICE_X4Y11          CARRY4 (Prop_carry4_CI_CO[3])
                                                      0.089     4.803 r  alu_inst/result0_carry__2/CO[3]
                         net (fo=1, routed)           0.000     4.803    alu_inst/result0_carry__2_n_0
    SLICE_X4Y12          CARRY4 (Prop_carry4_CI_CO[3])
                                                      0.089     4.892 r  alu_inst/result0_carry__3/CO[3]
                         net (fo=1, routed)           0.000     4.892    alu_inst/result0_carry__3_n_0
    SLICE_X4Y13          CARRY4 (Prop_carry4_CI_CO[3])
                                                      0.089     4.981 r  alu_inst/result0_carry__4/CO[3]
                         net (fo=1, routed)           0.000     4.981    alu_inst/result0_carry__4_n_0
    SLICE_X4Y14          CARRY4 (Prop_carry4_CI_CO[3])
                                                      0.089     5.070 r  alu_inst/result0_carry__5/CO[3]
                         net (fo=1, routed)           0.000     5.070    alu_inst/result0_carry__5_n_0
    SLICE_X4Y15          CARRY4 (Prop_carry4_CI_O[2])
                                                      0.181     5.251 r  alu_inst/result0_carry__6/O[2]
                         net (fo=1, routed)           0.595     5.847    alu_inst/data0[30]
    SLICE_X5Y16          LUT3 (Prop_lut3_I2_O)        0.230     6.077 r  alu_inst/registers_reg_r1_0_31_30_31_i_1/O
                         net (fo=5, routed)           0.613     6.690    alu_inst/alu_result[30]
    SLICE_X6Y15          LUT6 (Prop_lut6_I5_O)        0.097     6.787 r  alu_inst/pc_reg[0]_i_8/O
                         net (fo=1, routed)           0.648     7.435    alu_inst/pc_reg[0]_i_8_n_0
    SLICE_X6Y15          LUT6 (Prop_lut6_I2_O)        0.097     7.532 r  alu_inst/pc_reg[0]_i_2/O
                         net (fo=33, routed)          1.226     8.758    alu_inst/pc_reg[0]_i_2_n_0
    SLICE_X0Y11          LUT5 (Prop_lut5_I1_O)        0.097     8.855 r  alu_inst/pc_reg[1]_i_6/O
                         net (fo=1, routed)           0.000     8.855    alu_inst/pc_reg[1]_i_6_n_0
    SLICE_X0Y11          CARRY4 (Prop_carry4_S[0]_CO[3])
                                                      0.395     9.250 r  alu_inst/pc_reg_reg[1]_i_1/CO[3]
                         net (fo=1, routed)           0.000     9.250    alu_inst/pc_reg_reg[1]_i_1_n_0
    SLICE_X0Y12          CARRY4 (Prop_carry4_CI_CO[3])
                                                      0.089     9.339 r  alu_inst/pc_reg_reg[5]_i_1/CO[3]
                         net (fo=1, routed)           0.000     9.339    alu_inst/pc_reg_reg[5]_i_1_n_0
    SLICE_X0Y13          CARRY4 (Prop_carry4_CI_CO[3])
                                                      0.089     9.428 r  alu_inst/pc_reg_reg[9]_i_1/CO[3]
                         net (fo=1, routed)           0.000     9.428    alu_inst/pc_reg_reg[9]_i_1_n_0
    SLICE_X0Y14          CARRY4 (Prop_carry4_CI_CO[3])
                                                      0.089     9.517 r  alu_inst/pc_reg_reg[13]_i_1/CO[3]
                         net (fo=1, routed)           0.000     9.517    alu_inst/pc_reg_reg[13]_i_1_n_0
    SLICE_X0Y15          CARRY4 (Prop_carry4_CI_CO[3])
                                                      0.089     9.606 r  alu_inst/pc_reg_reg[17]_i_1/CO[3]
                         net (fo=1, routed)           0.000     9.606    alu_inst/pc_reg_reg[17]_i_1_n_0
    SLICE_X0Y16          CARRY4 (Prop_carry4_CI_CO[3])
                                                      0.089     9.695 r  alu_inst/pc_reg_reg[21]_i_1/CO[3]
                         net (fo=1, routed)           0.000     9.695    alu_inst/pc_reg_reg[21]_i_1_n_0
    SLICE_X0Y17          CARRY4 (Prop_carry4_CI_CO[3])
                                                      0.089     9.784 r  alu_inst/pc_reg_reg[25]_i_1/CO[3]
                         net (fo=1, routed)           0.000     9.784    alu_inst/pc_reg_reg[25]_i_1_n_0
    SLICE_X0Y18          CARRY4 (Prop_carry4_CI_O[2])
                                                      0.181     9.965 r  alu_inst/pc_reg_reg[29]_i_1/O[2]
                         net (fo=1, routed)           0.000     9.965    pc_inst/pc_reg_reg[31]_0[2]
    SLICE_X0Y18          FDRE                                         r  pc_inst/pc_reg_reg[31]/D
  -------------------------------------------------------------------    -------------------

Slack:                    inf
  Source:                 pc_inst/pc_reg_reg[4]/C
                            (rising edge-triggered cell FDRE)
  Destination:            pc_inst/pc_reg_reg[29]/D
  Path Group:             (none)
  Path Type:              Max at Slow Process Corner
  Data Path Delay:        9.943ns  (logic 3.426ns (34.457%)  route 6.517ns (65.543%))
  Logic Levels:           23  (CARRY4=14 FDRE=1 LUT3=2 LUT4=1 LUT5=1 LUT6=3 RAMD32=1)

    Location             Delay type                Incr(ns)  Path(ns)    Netlist Resource(s)
  -------------------------------------------------------------------    -------------------
    SLICE_X0Y11          FDRE                         0.000     0.000 r  pc_inst/pc_reg_reg[4]/C
    SLICE_X0Y11          FDRE (Prop_fdre_C_Q)         0.341     0.341 f  pc_inst/pc_reg_reg[4]/Q
                         net (fo=8, routed)           0.749     1.090    pc_inst/pc_out_OBUF[4]
    SLICE_X0Y9           LUT6 (Prop_lut6_I5_O)        0.097     1.187 f  pc_inst/registers_reg_r1_0_31_0_5_i_12/O
                         net (fo=19, routed)          0.812     1.999    pc_inst/registers_reg_r1_0_31_0_5_i_12_n_0
    SLICE_X7Y9           LUT3 (Prop_lut3_I1_O)        0.097     2.096 r  pc_inst/registers_reg_r1_0_31_0_5_i_8/O
                         net (fo=191, routed)         1.147     3.243    register_file_inst/registers_reg_r1_0_31_6_11/ADDRB0
    SLICE_X2Y10          RAMD32 (Prop_ramd32_RADR0_O)
                                                      0.100     3.343 r  register_file_inst/registers_reg_r1_0_31_6_11/RAMB/O
                         net (fo=3, routed)           0.726     4.069    register_file_inst/rs1_data0[8]
    SLICE_X4Y10          LUT4 (Prop_lut4_I0_O)        0.250     4.319 r  register_file_inst/result0_carry__1_i_8/O
                         net (fo=1, routed)           0.000     4.319    alu_inst/registers_reg_r1_0_31_6_11_i_4_1[0]
    SLICE_X4Y10          CARRY4 (Prop_carry4_S[0]_CO[3])
                                                      0.395     4.714 r  alu_inst/result0_carry__1/CO[3]
                         net (fo=1, routed)           0.000     4.714    alu_inst/result0_carry__1_n_0
    SLICE_X4Y11          CARRY4 (Prop_carry4_CI_CO[3])
                                                      0.089     4.803 r  alu_inst/result0_carry__2/CO[3]
                         net (fo=1, routed)           0.000     4.803    alu_inst/result0_carry__2_n_0
    SLICE_X4Y12          CARRY4 (Prop_carry4_CI_CO[3])
                                                      0.089     4.892 r  alu_inst/result0_carry__3/CO[3]
                         net (fo=1, routed)           0.000     4.892    alu_inst/result0_carry__3_n_0
    SLICE_X4Y13          CARRY4 (Prop_carry4_CI_CO[3])
                                                      0.089     4.981 r  alu_inst/result0_carry__4/CO[3]
                         net (fo=1, routed)           0.000     4.981    alu_inst/result0_carry__4_n_0
    SLICE_X4Y14          CARRY4 (Prop_carry4_CI_CO[3])
                                                      0.089     5.070 r  alu_inst/result0_carry__5/CO[3]
                         net (fo=1, routed)           0.000     5.070    alu_inst/result0_carry__5_n_0
    SLICE_X4Y15          CARRY4 (Prop_carry4_CI_O[2])
                                                      0.181     5.251 r  alu_inst/result0_carry__6/O[2]
                         net (fo=1, routed)           0.595     5.847    alu_inst/data0[30]
    SLICE_X5Y16          LUT3 (Prop_lut3_I2_O)        0.230     6.077 r  alu_inst/registers_reg_r1_0_31_30_31_i_1/O
                         net (fo=5, routed)           0.613     6.690    alu_inst/alu_result[30]
    SLICE_X6Y15          LUT6 (Prop_lut6_I5_O)        0.097     6.787 r  alu_inst/pc_reg[0]_i_8/O
                         net (fo=1, routed)           0.648     7.435    alu_inst/pc_reg[0]_i_8_n_0
    SLICE_X6Y15          LUT6 (Prop_lut6_I2_O)        0.097     7.532 r  alu_inst/pc_reg[0]_i_2/O
                         net (fo=33, routed)          1.226     8.758    alu_inst/pc_reg[0]_i_2_n_0
    SLICE_X0Y11          LUT5 (Prop_lut5_I1_O)        0.097     8.855 r  alu_inst/pc_reg[1]_i_6/O
                         net (fo=1, routed)           0.000     8.855    alu_inst/pc_reg[1]_i_6_n_0
    SLICE_X0Y11          CARRY4 (Prop_carry4_S[0]_CO[3])
                                                      0.395     9.250 r  alu_inst/pc_reg_reg[1]_i_1/CO[3]
                         net (fo=1, routed)           0.000     9.250    alu_inst/pc_reg_reg[1]_i_1_n_0
    SLICE_X0Y12          CARRY4 (Prop_carry4_CI_CO[3])
                                                      0.089     9.339 r  alu_inst/pc_reg_reg[5]_i_1/CO[3]
                         net (fo=1, routed)           0.000     9.339    alu_inst/pc_reg_reg[5]_i_1_n_0
    SLICE_X0Y13          CARRY4 (Prop_carry4_CI_CO[3])
                                                      0.089     9.428 r  alu_inst/pc_reg_reg[9]_i_1/CO[3]
                         net (fo=1, routed)           0.000     9.428    alu_inst/pc_reg_reg[9]_i_1_n_0
    SLICE_X0Y14          CARRY4 (Prop_carry4_CI_CO[3])
                                                      0.089     9.517 r  alu_inst/pc_reg_reg[13]_i_1/CO[3]
                         net (fo=1, routed)           0.000     9.517    alu_inst/pc_reg_reg[13]_i_1_n_0
    SLICE_X0Y15          CARRY4 (Prop_carry4_CI_CO[3])
                                                      0.089     9.606 r  alu_inst/pc_reg_reg[17]_i_1/CO[3]
                         net (fo=1, routed)           0.000     9.606    alu_inst/pc_reg_reg[17]_i_1_n_0
    SLICE_X0Y16          CARRY4 (Prop_carry4_CI_CO[3])
                                                      0.089     9.695 r  alu_inst/pc_reg_reg[21]_i_1/CO[3]
                         net (fo=1, routed)           0.000     9.695    alu_inst/pc_reg_reg[21]_i_1_n_0
    SLICE_X0Y17          CARRY4 (Prop_carry4_CI_CO[3])
                                                      0.089     9.784 r  alu_inst/pc_reg_reg[25]_i_1/CO[3]
                         net (fo=1, routed)           0.000     9.784    alu_inst/pc_reg_reg[25]_i_1_n_0
    SLICE_X0Y18          CARRY4 (Prop_carry4_CI_O[0])
                                                      0.159     9.943 r  alu_inst/pc_reg_reg[29]_i_1/O[0]
                         net (fo=1, routed)           0.000     9.943    pc_inst/pc_reg_reg[31]_0[0]
    SLICE_X0Y18          FDRE                                         r  pc_inst/pc_reg_reg[29]/D
  -------------------------------------------------------------------    -------------------

Slack:                    inf
  Source:                 pc_inst/pc_reg_reg[4]/C
                            (rising edge-triggered cell FDRE)
  Destination:            pc_inst/pc_reg_reg[28]/D
  Path Group:             (none)
  Path Type:              Max at Slow Process Corner
  Data Path Delay:        9.929ns  (logic 3.412ns (34.365%)  route 6.517ns (65.635%))
  Logic Levels:           22  (CARRY4=13 FDRE=1 LUT3=2 LUT4=1 LUT5=1 LUT6=3 RAMD32=1)

    Location             Delay type                Incr(ns)  Path(ns)    Netlist Resource(s)
  -------------------------------------------------------------------    -------------------
    SLICE_X0Y11          FDRE                         0.000     0.000 r  pc_inst/pc_reg_reg[4]/C
    SLICE_X0Y11          FDRE (Prop_fdre_C_Q)         0.341     0.341 f  pc_inst/pc_reg_reg[4]/Q
                         net (fo=8, routed)           0.749     1.090    pc_inst/pc_out_OBUF[4]
    SLICE_X0Y9           LUT6 (Prop_lut6_I5_O)        0.097     1.187 f  pc_inst/registers_reg_r1_0_31_0_5_i_12/O
                         net (fo=19, routed)          0.812     1.999    pc_inst/registers_reg_r1_0_31_0_5_i_12_n_0
    SLICE_X7Y9           LUT3 (Prop_lut3_I1_O)        0.097     2.096 r  pc_inst/registers_reg_r1_0_31_0_5_i_8/O
                         net (fo=191, routed)         1.147     3.243    register_file_inst/registers_reg_r1_0_31_6_11/ADDRB0
    SLICE_X2Y10          RAMD32 (Prop_ramd32_RADR0_O)
                                                      0.100     3.343 r  register_file_inst/registers_reg_r1_0_31_6_11/RAMB/O
                         net (fo=3, routed)           0.726     4.069    register_file_inst/rs1_data0[8]
    SLICE_X4Y10          LUT4 (Prop_lut4_I0_O)        0.250     4.319 r  register_file_inst/result0_carry__1_i_8/O
                         net (fo=1, routed)           0.000     4.319    alu_inst/registers_reg_r1_0_31_6_11_i_4_1[0]
    SLICE_X4Y10          CARRY4 (Prop_carry4_S[0]_CO[3])
                                                      0.395     4.714 r  alu_inst/result0_carry__1/CO[3]
                         net (fo=1, routed)           0.000     4.714    alu_inst/result0_carry__1_n_0
    SLICE_X4Y11          CARRY4 (Prop_carry4_CI_CO[3])
                                                      0.089     4.803 r  alu_inst/result0_carry__2/CO[3]
                         net (fo=1, routed)           0.000     4.803    alu_inst/result0_carry__2_n_0
    SLICE_X4Y12          CARRY4 (Prop_carry4_CI_CO[3])
                                                      0.089     4.892 r  alu_inst/result0_carry__3/CO[3]
                         net (fo=1, routed)           0.000     4.892    alu_inst/result0_carry__3_n_0
    SLICE_X4Y13          CARRY4 (Prop_carry4_CI_CO[3])
                                                      0.089     4.981 r  alu_inst/result0_carry__4/CO[3]
                         net (fo=1, routed)           0.000     4.981    alu_inst/result0_carry__4_n_0
    SLICE_X4Y14          CARRY4 (Prop_carry4_CI_CO[3])
                                                      0.089     5.070 r  alu_inst/result0_carry__5/CO[3]
                         net (fo=1, routed)           0.000     5.070    alu_inst/result0_carry__5_n_0
    SLICE_X4Y15          CARRY4 (Prop_carry4_CI_O[2])
                                                      0.181     5.251 r  alu_inst/result0_carry__6/O[2]
                         net (fo=1, routed)           0.595     5.847    alu_inst/data0[30]
    SLICE_X5Y16          LUT3 (Prop_lut3_I2_O)        0.230     6.077 r  alu_inst/registers_reg_r1_0_31_30_31_i_1/O
                         net (fo=5, routed)           0.613     6.690    alu_inst/alu_result[30]
    SLICE_X6Y15          LUT6 (Prop_lut6_I5_O)        0.097     6.787 r  alu_inst/pc_reg[0]_i_8/O
                         net (fo=1, routed)           0.648     7.435    alu_inst/pc_reg[0]_i_8_n_0
    SLICE_X6Y15          LUT6 (Prop_lut6_I2_O)        0.097     7.532 r  alu_inst/pc_reg[0]_i_2/O
                         net (fo=33, routed)          1.226     8.758    alu_inst/pc_reg[0]_i_2_n_0
    SLICE_X0Y11          LUT5 (Prop_lut5_I1_O)        0.097     8.855 r  alu_inst/pc_reg[1]_i_6/O
                         net (fo=1, routed)           0.000     8.855    alu_inst/pc_reg[1]_i_6_n_0
    SLICE_X0Y11          CARRY4 (Prop_carry4_S[0]_CO[3])
                                                      0.395     9.250 r  alu_inst/pc_reg_reg[1]_i_1/CO[3]
                         net (fo=1, routed)           0.000     9.250    alu_inst/pc_reg_reg[1]_i_1_n_0
    SLICE_X0Y12          CARRY4 (Prop_carry4_CI_CO[3])
                                                      0.089     9.339 r  alu_inst/pc_reg_reg[5]_i_1/CO[3]
                         net (fo=1, routed)           0.000     9.339    alu_inst/pc_reg_reg[5]_i_1_n_0
    SLICE_X0Y13          CARRY4 (Prop_carry4_CI_CO[3])
                                                      0.089     9.428 r  alu_inst/pc_reg_reg[9]_i_1/CO[3]
                         net (fo=1, routed)           0.000     9.428    alu_inst/pc_reg_reg[9]_i_1_n_0
    SLICE_X0Y14          CARRY4 (Prop_carry4_CI_CO[3])
                                                      0.089     9.517 r  alu_inst/pc_reg_reg[13]_i_1/CO[3]
                         net (fo=1, routed)           0.000     9.517    alu_inst/pc_reg_reg[13]_i_1_n_0
    SLICE_X0Y15          CARRY4 (Prop_carry4_CI_CO[3])
                                                      0.089     9.606 r  alu_inst/pc_reg_reg[17]_i_1/CO[3]
                         net (fo=1, routed)           0.000     9.606    alu_inst/pc_reg_reg[17]_i_1_n_0
    SLICE_X0Y16          CARRY4 (Prop_carry4_CI_CO[3])
                                                      0.089     9.695 r  alu_inst/pc_reg_reg[21]_i_1/CO[3]
                         net (fo=1, routed)           0.000     9.695    alu_inst/pc_reg_reg[21]_i_1_n_0
    SLICE_X0Y17          CARRY4 (Prop_carry4_CI_O[3])
                                                      0.234     9.929 r  alu_inst/pc_reg_reg[25]_i_1/O[3]
                         net (fo=1, routed)           0.000     9.929    pc_inst/pc_reg_reg[28]_0[3]
    SLICE_X0Y17          FDRE                                         r  pc_inst/pc_reg_reg[28]/D
  -------------------------------------------------------------------    -------------------

Slack:                    inf
  Source:                 pc_inst/pc_reg_reg[4]/C
                            (rising edge-triggered cell FDRE)
  Destination:            pc_inst/pc_reg_reg[26]/D
  Path Group:             (none)
  Path Type:              Max at Slow Process Corner
  Data Path Delay:        9.925ns  (logic 3.408ns (34.339%)  route 6.517ns (65.661%))
  Logic Levels:           22  (CARRY4=13 FDRE=1 LUT3=2 LUT4=1 LUT5=1 LUT6=3 RAMD32=1)

    Location             Delay type                Incr(ns)  Path(ns)    Netlist Resource(s)
  -------------------------------------------------------------------    -------------------
    SLICE_X0Y11          FDRE                         0.000     0.000 r  pc_inst/pc_reg_reg[4]/C
    SLICE_X0Y11          FDRE (Prop_fdre_C_Q)         0.341     0.341 f  pc_inst/pc_reg_reg[4]/Q
                         net (fo=8, routed)           0.749     1.090    pc_inst/pc_out_OBUF[4]
    SLICE_X0Y9           LUT6 (Prop_lut6_I5_O)        0.097     1.187 f  pc_inst/registers_reg_r1_0_31_0_5_i_12/O
                         net (fo=19, routed)          0.812     1.999    pc_inst/registers_reg_r1_0_31_0_5_i_12_n_0
    SLICE_X7Y9           LUT3 (Prop_lut3_I1_O)        0.097     2.096 r  pc_inst/registers_reg_r1_0_31_0_5_i_8/O
                         net (fo=191, routed)         1.147     3.243    register_file_inst/registers_reg_r1_0_31_6_11/ADDRB0
    SLICE_X2Y10          RAMD32 (Prop_ramd32_RADR0_O)
                                                      0.100     3.343 r  register_file_inst/registers_reg_r1_0_31_6_11/RAMB/O
                         net (fo=3, routed)           0.726     4.069    register_file_inst/rs1_data0[8]
    SLICE_X4Y10          LUT4 (Prop_lut4_I0_O)        0.250     4.319 r  register_file_inst/result0_carry__1_i_8/O
                         net (fo=1, routed)           0.000     4.319    alu_inst/registers_reg_r1_0_31_6_11_i_4_1[0]
    SLICE_X4Y10          CARRY4 (Prop_carry4_S[0]_CO[3])
                                                      0.395     4.714 r  alu_inst/result0_carry__1/CO[3]
                         net (fo=1, routed)           0.000     4.714    alu_inst/result0_carry__1_n_0
    SLICE_X4Y11          CARRY4 (Prop_carry4_CI_CO[3])
                                                      0.089     4.803 r  alu_inst/result0_carry__2/CO[3]
                         net (fo=1, routed)           0.000     4.803    alu_inst/result0_carry__2_n_0
    SLICE_X4Y12          CARRY4 (Prop_carry4_CI_CO[3])
                                                      0.089     4.892 r  alu_inst/result0_carry__3/CO[3]
                         net (fo=1, routed)           0.000     4.892    alu_inst/result0_carry__3_n_0
    SLICE_X4Y13          CARRY4 (Prop_carry4_CI_CO[3])
                                                      0.089     4.981 r  alu_inst/result0_carry__4/CO[3]
                         net (fo=1, routed)           0.000     4.981    alu_inst/result0_carry__4_n_0
    SLICE_X4Y14          CARRY4 (Prop_carry4_CI_CO[3])
                                                      0.089     5.070 r  alu_inst/result0_carry__5/CO[3]
                         net (fo=1, routed)           0.000     5.070    alu_inst/result0_carry__5_n_0
    SLICE_X4Y15          CARRY4 (Prop_carry4_CI_O[2])
                                                      0.181     5.251 r  alu_inst/result0_carry__6/O[2]
                         net (fo=1, routed)           0.595     5.847    alu_inst/data0[30]
    SLICE_X5Y16          LUT3 (Prop_lut3_I2_O)        0.230     6.077 r  alu_inst/registers_reg_r1_0_31_30_31_i_1/O
                         net (fo=5, routed)           0.613     6.690    alu_inst/alu_result[30]
    SLICE_X6Y15          LUT6 (Prop_lut6_I5_O)        0.097     6.787 r  alu_inst/pc_reg[0]_i_8/O
                         net (fo=1, routed)           0.648     7.435    alu_inst/pc_reg[0]_i_8_n_0
    SLICE_X6Y15          LUT6 (Prop_lut6_I2_O)        0.097     7.532 r  alu_inst/pc_reg[0]_i_2/O
                         net (fo=33, routed)          1.226     8.758    alu_inst/pc_reg[0]_i_2_n_0
    SLICE_X0Y11          LUT5 (Prop_lut5_I1_O)        0.097     8.855 r  alu_inst/pc_reg[1]_i_6/O
                         net (fo=1, routed)           0.000     8.855    alu_inst/pc_reg[1]_i_6_n_0
    SLICE_X0Y11          CARRY4 (Prop_carry4_S[0]_CO[3])
                                                      0.395     9.250 r  alu_inst/pc_reg_reg[1]_i_1/CO[3]
                         net (fo=1, routed)           0.000     9.250    alu_inst/pc_reg_reg[1]_i_1_n_0
    SLICE_X0Y12          CARRY4 (Prop_carry4_CI_CO[3])
                                                      0.089     9.339 r  alu_inst/pc_reg_reg[5]_i_1/CO[3]
                         net (fo=1, routed)           0.000     9.339    alu_inst/pc_reg_reg[5]_i_1_n_0
    SLICE_X0Y13          CARRY4 (Prop_carry4_CI_CO[3])
                                                      0.089     9.428 r  alu_inst/pc_reg_reg[9]_i_1/CO[3]
                         net (fo=1, routed)           0.000     9.428    alu_inst/pc_reg_reg[9]_i_1_n_0
    SLICE_X0Y14          CARRY4 (Prop_carry4_CI_CO[3])
                                                      0.089     9.517 r  alu_inst/pc_reg_reg[13]_i_1/CO[3]
                         net (fo=1, routed)           0.000     9.517    alu_inst/pc_reg_reg[13]_i_1_n_0
    SLICE_X0Y15          CARRY4 (Prop_carry4_CI_CO[3])
                                                      0.089     9.606 r  alu_inst/pc_reg_reg[17]_i_1/CO[3]
                         net (fo=1, routed)           0.000     9.606    alu_inst/pc_reg_reg[17]_i_1_n_0
    SLICE_X0Y16          CARRY4 (Prop_carry4_CI_CO[3])
                                                      0.089     9.695 r  alu_inst/pc_reg_reg[21]_i_1/CO[3]
                         net (fo=1, routed)           0.000     9.695    alu_inst/pc_reg_reg[21]_i_1_n_0
    SLICE_X0Y17          CARRY4 (Prop_carry4_CI_O[1])
                                                      0.230     9.925 r  alu_inst/pc_reg_reg[25]_i_1/O[1]
                         net (fo=1, routed)           0.000     9.925    pc_inst/pc_reg_reg[28]_0[1]
    SLICE_X0Y17          FDRE                                         r  pc_inst/pc_reg_reg[26]/D
  -------------------------------------------------------------------    -------------------

Slack:                    inf
  Source:                 pc_inst/pc_reg_reg[4]/C
                            (rising edge-triggered cell FDRE)
  Destination:            pc_inst/pc_reg_reg[27]/D
  Path Group:             (none)
  Path Type:              Max at Slow Process Corner
  Data Path Delay:        9.876ns  (logic 3.359ns (34.013%)  route 6.517ns (65.987%))
  Logic Levels:           22  (CARRY4=13 FDRE=1 LUT3=2 LUT4=1 LUT5=1 LUT6=3 RAMD32=1)

    Location             Delay type                Incr(ns)  Path(ns)    Netlist Resource(s)
  -------------------------------------------------------------------    -------------------
    SLICE_X0Y11          FDRE                         0.000     0.000 r  pc_inst/pc_reg_reg[4]/C
    SLICE_X0Y11          FDRE (Prop_fdre_C_Q)         0.341     0.341 f  pc_inst/pc_reg_reg[4]/Q
                         net (fo=8, routed)           0.749     1.090    pc_inst/pc_out_OBUF[4]
    SLICE_X0Y9           LUT6 (Prop_lut6_I5_O)        0.097     1.187 f  pc_inst/registers_reg_r1_0_31_0_5_i_12/O
                         net (fo=19, routed)          0.812     1.999    pc_inst/registers_reg_r1_0_31_0_5_i_12_n_0
    SLICE_X7Y9           LUT3 (Prop_lut3_I1_O)        0.097     2.096 r  pc_inst/registers_reg_r1_0_31_0_5_i_8/O
                         net (fo=191, routed)         1.147     3.243    register_file_inst/registers_reg_r1_0_31_6_11/ADDRB0
    SLICE_X2Y10          RAMD32 (Prop_ramd32_RADR0_O)
                                                      0.100     3.343 r  register_file_inst/registers_reg_r1_0_31_6_11/RAMB/O
                         net (fo=3, routed)           0.726     4.069    register_file_inst/rs1_data0[8]
    SLICE_X4Y10          LUT4 (Prop_lut4_I0_O)        0.250     4.319 r  register_file_inst/result0_carry__1_i_8/O
                         net (fo=1, routed)           0.000     4.319    alu_inst/registers_reg_r1_0_31_6_11_i_4_1[0]
    SLICE_X4Y10          CARRY4 (Prop_carry4_S[0]_CO[3])
                                                      0.395     4.714 r  alu_inst/result0_carry__1/CO[3]
                         net (fo=1, routed)           0.000     4.714    alu_inst/result0_carry__1_n_0
    SLICE_X4Y11          CARRY4 (Prop_carry4_CI_CO[3])
                                                      0.089     4.803 r  alu_inst/result0_carry__2/CO[3]
                         net (fo=1, routed)           0.000     4.803    alu_inst/result0_carry__2_n_0
    SLICE_X4Y12          CARRY4 (Prop_carry4_CI_CO[3])
                                                      0.089     4.892 r  alu_inst/result0_carry__3/CO[3]
                         net (fo=1, routed)           0.000     4.892    alu_inst/result0_carry__3_n_0
    SLICE_X4Y13          CARRY4 (Prop_carry4_CI_CO[3])
                                                      0.089     4.981 r  alu_inst/result0_carry__4/CO[3]
                         net (fo=1, routed)           0.000     4.981    alu_inst/result0_carry__4_n_0
    SLICE_X4Y14          CARRY4 (Prop_carry4_CI_CO[3])
                                                      0.089     5.070 r  alu_inst/result0_carry__5/CO[3]
                         net (fo=1, routed)           0.000     5.070    alu_inst/result0_carry__5_n_0
    SLICE_X4Y15          CARRY4 (Prop_carry4_CI_O[2])
                                                      0.181     5.251 r  alu_inst/result0_carry__6/O[2]
                         net (fo=1, routed)           0.595     5.847    alu_inst/data0[30]
    SLICE_X5Y16          LUT3 (Prop_lut3_I2_O)        0.230     6.077 r  alu_inst/registers_reg_r1_0_31_30_31_i_1/O
                         net (fo=5, routed)           0.613     6.690    alu_inst/alu_result[30]
    SLICE_X6Y15          LUT6 (Prop_lut6_I5_O)        0.097     6.787 r  alu_inst/pc_reg[0]_i_8/O
                         net (fo=1, routed)           0.648     7.435    alu_inst/pc_reg[0]_i_8_n_0
    SLICE_X6Y15          LUT6 (Prop_lut6_I2_O)        0.097     7.532 r  alu_inst/pc_reg[0]_i_2/O
                         net (fo=33, routed)          1.226     8.758    alu_inst/pc_reg[0]_i_2_n_0
    SLICE_X0Y11          LUT5 (Prop_lut5_I1_O)        0.097     8.855 r  alu_inst/pc_reg[1]_i_6/O
                         net (fo=1, routed)           0.000     8.855    alu_inst/pc_reg[1]_i_6_n_0
    SLICE_X0Y11          CARRY4 (Prop_carry4_S[0]_CO[3])
                                                      0.395     9.250 r  alu_inst/pc_reg_reg[1]_i_1/CO[3]
                         net (fo=1, routed)           0.000     9.250    alu_inst/pc_reg_reg[1]_i_1_n_0
    SLICE_X0Y12          CARRY4 (Prop_carry4_CI_CO[3])
                                                      0.089     9.339 r  alu_inst/pc_reg_reg[5]_i_1/CO[3]
                         net (fo=1, routed)           0.000     9.339    alu_inst/pc_reg_reg[5]_i_1_n_0
    SLICE_X0Y13          CARRY4 (Prop_carry4_CI_CO[3])
                                                      0.089     9.428 r  alu_inst/pc_reg_reg[9]_i_1/CO[3]
                         net (fo=1, routed)           0.000     9.428    alu_inst/pc_reg_reg[9]_i_1_n_0
    SLICE_X0Y14          CARRY4 (Prop_carry4_CI_CO[3])
                                                      0.089     9.517 r  alu_inst/pc_reg_reg[13]_i_1/CO[3]
                         net (fo=1, routed)           0.000     9.517    alu_inst/pc_reg_reg[13]_i_1_n_0
    SLICE_X0Y15          CARRY4 (Prop_carry4_CI_CO[3])
                                                      0.089     9.606 r  alu_inst/pc_reg_reg[17]_i_1/CO[3]
                         net (fo=1, routed)           0.000     9.606    alu_inst/pc_reg_reg[17]_i_1_n_0
    SLICE_X0Y16          CARRY4 (Prop_carry4_CI_CO[3])
                                                      0.089     9.695 r  alu_inst/pc_reg_reg[21]_i_1/CO[3]
                         net (fo=1, routed)           0.000     9.695    alu_inst/pc_reg_reg[21]_i_1_n_0
    SLICE_X0Y17          CARRY4 (Prop_carry4_CI_O[2])
                                                      0.181     9.876 r  alu_inst/pc_reg_reg[25]_i_1/O[2]
                         net (fo=1, routed)           0.000     9.876    pc_inst/pc_reg_reg[28]_0[2]
    SLICE_X0Y17          FDRE                                         r  pc_inst/pc_reg_reg[27]/D
  -------------------------------------------------------------------    -------------------

Slack:                    inf
  Source:                 pc_inst/pc_reg_reg[4]/C
                            (rising edge-triggered cell FDRE)
  Destination:            pc_inst/pc_reg_reg[25]/D
  Path Group:             (none)
  Path Type:              Max at Slow Process Corner
  Data Path Delay:        9.854ns  (logic 3.337ns (33.865%)  route 6.517ns (66.135%))
  Logic Levels:           22  (CARRY4=13 FDRE=1 LUT3=2 LUT4=1 LUT5=1 LUT6=3 RAMD32=1)

    Location             Delay type                Incr(ns)  Path(ns)    Netlist Resource(s)
  -------------------------------------------------------------------    -------------------
    SLICE_X0Y11          FDRE                         0.000     0.000 r  pc_inst/pc_reg_reg[4]/C
    SLICE_X0Y11          FDRE (Prop_fdre_C_Q)         0.341     0.341 f  pc_inst/pc_reg_reg[4]/Q
                         net (fo=8, routed)           0.749     1.090    pc_inst/pc_out_OBUF[4]
    SLICE_X0Y9           LUT6 (Prop_lut6_I5_O)        0.097     1.187 f  pc_inst/registers_reg_r1_0_31_0_5_i_12/O
                         net (fo=19, routed)          0.812     1.999    pc_inst/registers_reg_r1_0_31_0_5_i_12_n_0
    SLICE_X7Y9           LUT3 (Prop_lut3_I1_O)        0.097     2.096 r  pc_inst/registers_reg_r1_0_31_0_5_i_8/O
                         net (fo=191, routed)         1.147     3.243    register_file_inst/registers_reg_r1_0_31_6_11/ADDRB0
    SLICE_X2Y10          RAMD32 (Prop_ramd32_RADR0_O)
                                                      0.100     3.343 r  register_file_inst/registers_reg_r1_0_31_6_11/RAMB/O
                         net (fo=3, routed)           0.726     4.069    register_file_inst/rs1_data0[8]
    SLICE_X4Y10          LUT4 (Prop_lut4_I0_O)        0.250     4.319 r  register_file_inst/result0_carry__1_i_8/O
                         net (fo=1, routed)           0.000     4.319    alu_inst/registers_reg_r1_0_31_6_11_i_4_1[0]
    SLICE_X4Y10          CARRY4 (Prop_carry4_S[0]_CO[3])
                                                      0.395     4.714 r  alu_inst/result0_carry__1/CO[3]
                         net (fo=1, routed)           0.000     4.714    alu_inst/result0_carry__1_n_0
    SLICE_X4Y11          CARRY4 (Prop_carry4_CI_CO[3])
                                                      0.089     4.803 r  alu_inst/result0_carry__2/CO[3]
                         net (fo=1, routed)           0.000     4.803    alu_inst/result0_carry__2_n_0
    SLICE_X4Y12          CARRY4 (Prop_carry4_CI_CO[3])
                                                      0.089     4.892 r  alu_inst/result0_carry__3/CO[3]
                         net (fo=1, routed)           0.000     4.892    alu_inst/result0_carry__3_n_0
    SLICE_X4Y13          CARRY4 (Prop_carry4_CI_CO[3])
                                                      0.089     4.981 r  alu_inst/result0_carry__4/CO[3]
                         net (fo=1, routed)           0.000     4.981    alu_inst/result0_carry__4_n_0
    SLICE_X4Y14          CARRY4 (Prop_carry4_CI_CO[3])
                                                      0.089     5.070 r  alu_inst/result0_carry__5/CO[3]
                         net (fo=1, routed)           0.000     5.070    alu_inst/result0_carry__5_n_0
    SLICE_X4Y15          CARRY4 (Prop_carry4_CI_O[2])
                                                      0.181     5.251 r  alu_inst/result0_carry__6/O[2]
                         net (fo=1, routed)           0.595     5.847    alu_inst/data0[30]
    SLICE_X5Y16          LUT3 (Prop_lut3_I2_O)        0.230     6.077 r  alu_inst/registers_reg_r1_0_31_30_31_i_1/O
                         net (fo=5, routed)           0.613     6.690    alu_inst/alu_result[30]
    SLICE_X6Y15          LUT6 (Prop_lut6_I5_O)        0.097     6.787 r  alu_inst/pc_reg[0]_i_8/O
                         net (fo=1, routed)           0.648     7.435    alu_inst/pc_reg[0]_i_8_n_0
    SLICE_X6Y15          LUT6 (Prop_lut6_I2_O)        0.097     7.532 r  alu_inst/pc_reg[0]_i_2/O
                         net (fo=33, routed)          1.226     8.758    alu_inst/pc_reg[0]_i_2_n_0
    SLICE_X0Y11          LUT5 (Prop_lut5_I1_O)        0.097     8.855 r  alu_inst/pc_reg[1]_i_6/O
                         net (fo=1, routed)           0.000     8.855    alu_inst/pc_reg[1]_i_6_n_0
    SLICE_X0Y11          CARRY4 (Prop_carry4_S[0]_CO[3])
                                                      0.395     9.250 r  alu_inst/pc_reg_reg[1]_i_1/CO[3]
                         net (fo=1, routed)           0.000     9.250    alu_inst/pc_reg_reg[1]_i_1_n_0
    SLICE_X0Y12          CARRY4 (Prop_carry4_CI_CO[3])
                                                      0.089     9.339 r  alu_inst/pc_reg_reg[5]_i_1/CO[3]
                         net (fo=1, routed)           0.000     9.339    alu_inst/pc_reg_reg[5]_i_1_n_0
    SLICE_X0Y13          CARRY4 (Prop_carry4_CI_CO[3])
                                                      0.089     9.428 r  alu_inst/pc_reg_reg[9]_i_1/CO[3]
                         net (fo=1, routed)           0.000     9.428    alu_inst/pc_reg_reg[9]_i_1_n_0
    SLICE_X0Y14          CARRY4 (Prop_carry4_CI_CO[3])
                                                      0.089     9.517 r  alu_inst/pc_reg_reg[13]_i_1/CO[3]
                         net (fo=1, routed)           0.000     9.517    alu_inst/pc_reg_reg[13]_i_1_n_0
    SLICE_X0Y15          CARRY4 (Prop_carry4_CI_CO[3])
                                                      0.089     9.606 r  alu_inst/pc_reg_reg[17]_i_1/CO[3]
                         net (fo=1, routed)           0.000     9.606    alu_inst/pc_reg_reg[17]_i_1_n_0
    SLICE_X0Y16          CARRY4 (Prop_carry4_CI_CO[3])
                                                      0.089     9.695 r  alu_inst/pc_reg_reg[21]_i_1/CO[3]
                         net (fo=1, routed)           0.000     9.695    alu_inst/pc_reg_reg[21]_i_1_n_0
    SLICE_X0Y17          CARRY4 (Prop_carry4_CI_O[0])
                                                      0.159     9.854 r  alu_inst/pc_reg_reg[25]_i_1/O[0]
                         net (fo=1, routed)           0.000     9.854    pc_inst/pc_reg_reg[28]_0[0]
    SLICE_X0Y17          FDRE                                         r  pc_inst/pc_reg_reg[25]/D
  -------------------------------------------------------------------    -------------------

Slack:                    inf
  Source:                 pc_inst/pc_reg_reg[4]/C
                            (rising edge-triggered cell FDRE)
  Destination:            pc_inst/pc_reg_reg[24]/D
  Path Group:             (none)
  Path Type:              Max at Slow Process Corner
  Data Path Delay:        9.840ns  (logic 3.323ns (33.771%)  route 6.517ns (66.229%))
  Logic Levels:           21  (CARRY4=12 FDRE=1 LUT3=2 LUT4=1 LUT5=1 LUT6=3 RAMD32=1)

    Location             Delay type                Incr(ns)  Path(ns)    Netlist Resource(s)
  -------------------------------------------------------------------    -------------------
    SLICE_X0Y11          FDRE                         0.000     0.000 r  pc_inst/pc_reg_reg[4]/C
    SLICE_X0Y11          FDRE (Prop_fdre_C_Q)         0.341     0.341 f  pc_inst/pc_reg_reg[4]/Q
                         net (fo=8, routed)           0.749     1.090    pc_inst/pc_out_OBUF[4]
    SLICE_X0Y9           LUT6 (Prop_lut6_I5_O)        0.097     1.187 f  pc_inst/registers_reg_r1_0_31_0_5_i_12/O
                         net (fo=19, routed)          0.812     1.999    pc_inst/registers_reg_r1_0_31_0_5_i_12_n_0
    SLICE_X7Y9           LUT3 (Prop_lut3_I1_O)        0.097     2.096 r  pc_inst/registers_reg_r1_0_31_0_5_i_8/O
                         net (fo=191, routed)         1.147     3.243    register_file_inst/registers_reg_r1_0_31_6_11/ADDRB0
    SLICE_X2Y10          RAMD32 (Prop_ramd32_RADR0_O)
                                                      0.100     3.343 r  register_file_inst/registers_reg_r1_0_31_6_11/RAMB/O
                         net (fo=3, routed)           0.726     4.069    register_file_inst/rs1_data0[8]
    SLICE_X4Y10          LUT4 (Prop_lut4_I0_O)        0.250     4.319 r  register_file_inst/result0_carry__1_i_8/O
                         net (fo=1, routed)           0.000     4.319    alu_inst/registers_reg_r1_0_31_6_11_i_4_1[0]
    SLICE_X4Y10          CARRY4 (Prop_carry4_S[0]_CO[3])
                                                      0.395     4.714 r  alu_inst/result0_carry__1/CO[3]
                         net (fo=1, routed)           0.000     4.714    alu_inst/result0_carry__1_n_0
    SLICE_X4Y11          CARRY4 (Prop_carry4_CI_CO[3])
                                                      0.089     4.803 r  alu_inst/result0_carry__2/CO[3]
                         net (fo=1, routed)           0.000     4.803    alu_inst/result0_carry__2_n_0
    SLICE_X4Y12          CARRY4 (Prop_carry4_CI_CO[3])
                                                      0.089     4.892 r  alu_inst/result0_carry__3/CO[3]
                         net (fo=1, routed)           0.000     4.892    alu_inst/result0_carry__3_n_0
    SLICE_X4Y13          CARRY4 (Prop_carry4_CI_CO[3])
                                                      0.089     4.981 r  alu_inst/result0_carry__4/CO[3]
                         net (fo=1, routed)           0.000     4.981    alu_inst/result0_carry__4_n_0
    SLICE_X4Y14          CARRY4 (Prop_carry4_CI_CO[3])
                                                      0.089     5.070 r  alu_inst/result0_carry__5/CO[3]
                         net (fo=1, routed)           0.000     5.070    alu_inst/result0_carry__5_n_0
    SLICE_X4Y15          CARRY4 (Prop_carry4_CI_O[2])
                                                      0.181     5.251 r  alu_inst/result0_carry__6/O[2]
                         net (fo=1, routed)           0.595     5.847    alu_inst/data0[30]
    SLICE_X5Y16          LUT3 (Prop_lut3_I2_O)        0.230     6.077 r  alu_inst/registers_reg_r1_0_31_30_31_i_1/O
                         net (fo=5, routed)           0.613     6.690    alu_inst/alu_result[30]
    SLICE_X6Y15          LUT6 (Prop_lut6_I5_O)        0.097     6.787 r  alu_inst/pc_reg[0]_i_8/O
                         net (fo=1, routed)           0.648     7.435    alu_inst/pc_reg[0]_i_8_n_0
    SLICE_X6Y15          LUT6 (Prop_lut6_I2_O)        0.097     7.532 r  alu_inst/pc_reg[0]_i_2/O
                         net (fo=33, routed)          1.226     8.758    alu_inst/pc_reg[0]_i_2_n_0
    SLICE_X0Y11          LUT5 (Prop_lut5_I1_O)        0.097     8.855 r  alu_inst/pc_reg[1]_i_6/O
                         net (fo=1, routed)           0.000     8.855    alu_inst/pc_reg[1]_i_6_n_0
    SLICE_X0Y11          CARRY4 (Prop_carry4_S[0]_CO[3])
                                                      0.395     9.250 r  alu_inst/pc_reg_reg[1]_i_1/CO[3]
                         net (fo=1, routed)           0.000     9.250    alu_inst/pc_reg_reg[1]_i_1_n_0
    SLICE_X0Y12          CARRY4 (Prop_carry4_CI_CO[3])
                                                      0.089     9.339 r  alu_inst/pc_reg_reg[5]_i_1/CO[3]
                         net (fo=1, routed)           0.000     9.339    alu_inst/pc_reg_reg[5]_i_1_n_0
    SLICE_X0Y13          CARRY4 (Prop_carry4_CI_CO[3])
                                                      0.089     9.428 r  alu_inst/pc_reg_reg[9]_i_1/CO[3]
                         net (fo=1, routed)           0.000     9.428    alu_inst/pc_reg_reg[9]_i_1_n_0
    SLICE_X0Y14          CARRY4 (Prop_carry4_CI_CO[3])
                                                      0.089     9.517 r  alu_inst/pc_reg_reg[13]_i_1/CO[3]
                         net (fo=1, routed)           0.000     9.517    alu_inst/pc_reg_reg[13]_i_1_n_0
    SLICE_X0Y15          CARRY4 (Prop_carry4_CI_CO[3])
                                                      0.089     9.606 r  alu_inst/pc_reg_reg[17]_i_1/CO[3]
                         net (fo=1, routed)           0.000     9.606    alu_inst/pc_reg_reg[17]_i_1_n_0
    SLICE_X0Y16          CARRY4 (Prop_carry4_CI_O[3])
                                                      0.234     9.840 r  alu_inst/pc_reg_reg[21]_i_1/O[3]
                         net (fo=1, routed)           0.000     9.840    pc_inst/pc_reg_reg[24]_0[3]
    SLICE_X0Y16          FDRE                                         r  pc_inst/pc_reg_reg[24]/D
  -------------------------------------------------------------------    -------------------

Slack:                    inf
  Source:                 pc_inst/pc_reg_reg[4]/C
                            (rising edge-triggered cell FDRE)
  Destination:            pc_inst/pc_reg_reg[22]/D
  Path Group:             (none)
  Path Type:              Max at Slow Process Corner
  Data Path Delay:        9.836ns  (logic 3.319ns (33.744%)  route 6.517ns (66.256%))
  Logic Levels:           21  (CARRY4=12 FDRE=1 LUT3=2 LUT4=1 LUT5=1 LUT6=3 RAMD32=1)

    Location             Delay type                Incr(ns)  Path(ns)    Netlist Resource(s)
  -------------------------------------------------------------------    -------------------
    SLICE_X0Y11          FDRE                         0.000     0.000 r  pc_inst/pc_reg_reg[4]/C
    SLICE_X0Y11          FDRE (Prop_fdre_C_Q)         0.341     0.341 f  pc_inst/pc_reg_reg[4]/Q
                         net (fo=8, routed)           0.749     1.090    pc_inst/pc_out_OBUF[4]
    SLICE_X0Y9           LUT6 (Prop_lut6_I5_O)        0.097     1.187 f  pc_inst/registers_reg_r1_0_31_0_5_i_12/O
                         net (fo=19, routed)          0.812     1.999    pc_inst/registers_reg_r1_0_31_0_5_i_12_n_0
    SLICE_X7Y9           LUT3 (Prop_lut3_I1_O)        0.097     2.096 r  pc_inst/registers_reg_r1_0_31_0_5_i_8/O
                         net (fo=191, routed)         1.147     3.243    register_file_inst/registers_reg_r1_0_31_6_11/ADDRB0
    SLICE_X2Y10          RAMD32 (Prop_ramd32_RADR0_O)
                                                      0.100     3.343 r  register_file_inst/registers_reg_r1_0_31_6_11/RAMB/O
                         net (fo=3, routed)           0.726     4.069    register_file_inst/rs1_data0[8]
    SLICE_X4Y10          LUT4 (Prop_lut4_I0_O)        0.250     4.319 r  register_file_inst/result0_carry__1_i_8/O
                         net (fo=1, routed)           0.000     4.319    alu_inst/registers_reg_r1_0_31_6_11_i_4_1[0]
    SLICE_X4Y10          CARRY4 (Prop_carry4_S[0]_CO[3])
                                                      0.395     4.714 r  alu_inst/result0_carry__1/CO[3]
                         net (fo=1, routed)           0.000     4.714    alu_inst/result0_carry__1_n_0
    SLICE_X4Y11          CARRY4 (Prop_carry4_CI_CO[3])
                                                      0.089     4.803 r  alu_inst/result0_carry__2/CO[3]
                         net (fo=1, routed)           0.000     4.803    alu_inst/result0_carry__2_n_0
    SLICE_X4Y12          CARRY4 (Prop_carry4_CI_CO[3])
                                                      0.089     4.892 r  alu_inst/result0_carry__3/CO[3]
                         net (fo=1, routed)           0.000     4.892    alu_inst/result0_carry__3_n_0
    SLICE_X4Y13          CARRY4 (Prop_carry4_CI_CO[3])
                                                      0.089     4.981 r  alu_inst/result0_carry__4/CO[3]
                         net (fo=1, routed)           0.000     4.981    alu_inst/result0_carry__4_n_0
    SLICE_X4Y14          CARRY4 (Prop_carry4_CI_CO[3])
                                                      0.089     5.070 r  alu_inst/result0_carry__5/CO[3]
                         net (fo=1, routed)           0.000     5.070    alu_inst/result0_carry__5_n_0
    SLICE_X4Y15          CARRY4 (Prop_carry4_CI_O[2])
                                                      0.181     5.251 r  alu_inst/result0_carry__6/O[2]
                         net (fo=1, routed)           0.595     5.847    alu_inst/data0[30]
    SLICE_X5Y16          LUT3 (Prop_lut3_I2_O)        0.230     6.077 r  alu_inst/registers_reg_r1_0_31_30_31_i_1/O
                         net (fo=5, routed)           0.613     6.690    alu_inst/alu_result[30]
    SLICE_X6Y15          LUT6 (Prop_lut6_I5_O)        0.097     6.787 r  alu_inst/pc_reg[0]_i_8/O
                         net (fo=1, routed)           0.648     7.435    alu_inst/pc_reg[0]_i_8_n_0
    SLICE_X6Y15          LUT6 (Prop_lut6_I2_O)        0.097     7.532 r  alu_inst/pc_reg[0]_i_2/O
                         net (fo=33, routed)          1.226     8.758    alu_inst/pc_reg[0]_i_2_n_0
    SLICE_X0Y11          LUT5 (Prop_lut5_I1_O)        0.097     8.855 r  alu_inst/pc_reg[1]_i_6/O
                         net (fo=1, routed)           0.000     8.855    alu_inst/pc_reg[1]_i_6_n_0
    SLICE_X0Y11          CARRY4 (Prop_carry4_S[0]_CO[3])
                                                      0.395     9.250 r  alu_inst/pc_reg_reg[1]_i_1/CO[3]
                         net (fo=1, routed)           0.000     9.250    alu_inst/pc_reg_reg[1]_i_1_n_0
    SLICE_X0Y12          CARRY4 (Prop_carry4_CI_CO[3])
                                                      0.089     9.339 r  alu_inst/pc_reg_reg[5]_i_1/CO[3]
                         net (fo=1, routed)           0.000     9.339    alu_inst/pc_reg_reg[5]_i_1_n_0
    SLICE_X0Y13          CARRY4 (Prop_carry4_CI_CO[3])
                                                      0.089     9.428 r  alu_inst/pc_reg_reg[9]_i_1/CO[3]
                         net (fo=1, routed)           0.000     9.428    alu_inst/pc_reg_reg[9]_i_1_n_0
    SLICE_X0Y14          CARRY4 (Prop_carry4_CI_CO[3])
                                                      0.089     9.517 r  alu_inst/pc_reg_reg[13]_i_1/CO[3]
                         net (fo=1, routed)           0.000     9.517    alu_inst/pc_reg_reg[13]_i_1_n_0
    SLICE_X0Y15          CARRY4 (Prop_carry4_CI_CO[3])
                                                      0.089     9.606 r  alu_inst/pc_reg_reg[17]_i_1/CO[3]
                         net (fo=1, routed)           0.000     9.606    alu_inst/pc_reg_reg[17]_i_1_n_0
    SLICE_X0Y16          CARRY4 (Prop_carry4_CI_O[1])
                                                      0.230     9.836 r  alu_inst/pc_reg_reg[21]_i_1/O[1]
                         net (fo=1, routed)           0.000     9.836    pc_inst/pc_reg_reg[24]_0[1]
    SLICE_X0Y16          FDRE                                         r  pc_inst/pc_reg_reg[22]/D
  -------------------------------------------------------------------    -------------------

Slack:                    inf
  Source:                 pc_inst/pc_reg_reg[4]/C
                            (rising edge-triggered cell FDRE)
  Destination:            pc_inst/pc_reg_reg[23]/D
  Path Group:             (none)
  Path Type:              Max at Slow Process Corner
  Data Path Delay:        9.787ns  (logic 3.270ns (33.413%)  route 6.517ns (66.587%))
  Logic Levels:           21  (CARRY4=12 FDRE=1 LUT3=2 LUT4=1 LUT5=1 LUT6=3 RAMD32=1)

    Location             Delay type                Incr(ns)  Path(ns)    Netlist Resource(s)
  -------------------------------------------------------------------    -------------------
    SLICE_X0Y11          FDRE                         0.000     0.000 r  pc_inst/pc_reg_reg[4]/C
    SLICE_X0Y11          FDRE (Prop_fdre_C_Q)         0.341     0.341 f  pc_inst/pc_reg_reg[4]/Q
                         net (fo=8, routed)           0.749     1.090    pc_inst/pc_out_OBUF[4]
    SLICE_X0Y9           LUT6 (Prop_lut6_I5_O)        0.097     1.187 f  pc_inst/registers_reg_r1_0_31_0_5_i_12/O
                         net (fo=19, routed)          0.812     1.999    pc_inst/registers_reg_r1_0_31_0_5_i_12_n_0
    SLICE_X7Y9           LUT3 (Prop_lut3_I1_O)        0.097     2.096 r  pc_inst/registers_reg_r1_0_31_0_5_i_8/O
                         net (fo=191, routed)         1.147     3.243    register_file_inst/registers_reg_r1_0_31_6_11/ADDRB0
    SLICE_X2Y10          RAMD32 (Prop_ramd32_RADR0_O)
                                                      0.100     3.343 r  register_file_inst/registers_reg_r1_0_31_6_11/RAMB/O
                         net (fo=3, routed)           0.726     4.069    register_file_inst/rs1_data0[8]
    SLICE_X4Y10          LUT4 (Prop_lut4_I0_O)        0.250     4.319 r  register_file_inst/result0_carry__1_i_8/O
                         net (fo=1, routed)           0.000     4.319    alu_inst/registers_reg_r1_0_31_6_11_i_4_1[0]
    SLICE_X4Y10          CARRY4 (Prop_carry4_S[0]_CO[3])
                                                      0.395     4.714 r  alu_inst/result0_carry__1/CO[3]
                         net (fo=1, routed)           0.000     4.714    alu_inst/result0_carry__1_n_0
    SLICE_X4Y11          CARRY4 (Prop_carry4_CI_CO[3])
                                                      0.089     4.803 r  alu_inst/result0_carry__2/CO[3]
                         net (fo=1, routed)           0.000     4.803    alu_inst/result0_carry__2_n_0
    SLICE_X4Y12          CARRY4 (Prop_carry4_CI_CO[3])
                                                      0.089     4.892 r  alu_inst/result0_carry__3/CO[3]
                         net (fo=1, routed)           0.000     4.892    alu_inst/result0_carry__3_n_0
    SLICE_X4Y13          CARRY4 (Prop_carry4_CI_CO[3])
                                                      0.089     4.981 r  alu_inst/result0_carry__4/CO[3]
                         net (fo=1, routed)           0.000     4.981    alu_inst/result0_carry__4_n_0
    SLICE_X4Y14          CARRY4 (Prop_carry4_CI_CO[3])
                                                      0.089     5.070 r  alu_inst/result0_carry__5/CO[3]
                         net (fo=1, routed)           0.000     5.070    alu_inst/result0_carry__5_n_0
    SLICE_X4Y15          CARRY4 (Prop_carry4_CI_O[2])
                                                      0.181     5.251 r  alu_inst/result0_carry__6/O[2]
                         net (fo=1, routed)           0.595     5.847    alu_inst/data0[30]
    SLICE_X5Y16          LUT3 (Prop_lut3_I2_O)        0.230     6.077 r  alu_inst/registers_reg_r1_0_31_30_31_i_1/O
                         net (fo=5, routed)           0.613     6.690    alu_inst/alu_result[30]
    SLICE_X6Y15          LUT6 (Prop_lut6_I5_O)        0.097     6.787 r  alu_inst/pc_reg[0]_i_8/O
                         net (fo=1, routed)           0.648     7.435    alu_inst/pc_reg[0]_i_8_n_0
    SLICE_X6Y15          LUT6 (Prop_lut6_I2_O)        0.097     7.532 r  alu_inst/pc_reg[0]_i_2/O
                         net (fo=33, routed)          1.226     8.758    alu_inst/pc_reg[0]_i_2_n_0
    SLICE_X0Y11          LUT5 (Prop_lut5_I1_O)        0.097     8.855 r  alu_inst/pc_reg[1]_i_6/O
                         net (fo=1, routed)           0.000     8.855    alu_inst/pc_reg[1]_i_6_n_0
    SLICE_X0Y11          CARRY4 (Prop_carry4_S[0]_CO[3])
                                                      0.395     9.250 r  alu_inst/pc_reg_reg[1]_i_1/CO[3]
                         net (fo=1, routed)           0.000     9.250    alu_inst/pc_reg_reg[1]_i_1_n_0
    SLICE_X0Y12          CARRY4 (Prop_carry4_CI_CO[3])
                                                      0.089     9.339 r  alu_inst/pc_reg_reg[5]_i_1/CO[3]
                         net (fo=1, routed)           0.000     9.339    alu_inst/pc_reg_reg[5]_i_1_n_0
    SLICE_X0Y13          CARRY4 (Prop_carry4_CI_CO[3])
                                                      0.089     9.428 r  alu_inst/pc_reg_reg[9]_i_1/CO[3]
                         net (fo=1, routed)           0.000     9.428    alu_inst/pc_reg_reg[9]_i_1_n_0
    SLICE_X0Y14          CARRY4 (Prop_carry4_CI_CO[3])
                                                      0.089     9.517 r  alu_inst/pc_reg_reg[13]_i_1/CO[3]
                         net (fo=1, routed)           0.000     9.517    alu_inst/pc_reg_reg[13]_i_1_n_0
    SLICE_X0Y15          CARRY4 (Prop_carry4_CI_CO[3])
                                                      0.089     9.606 r  alu_inst/pc_reg_reg[17]_i_1/CO[3]
                         net (fo=1, routed)           0.000     9.606    alu_inst/pc_reg_reg[17]_i_1_n_0
    SLICE_X0Y16          CARRY4 (Prop_carry4_CI_O[2])
                                                      0.181     9.787 r  alu_inst/pc_reg_reg[21]_i_1/O[2]
                         net (fo=1, routed)           0.000     9.787    pc_inst/pc_reg_reg[24]_0[2]
    SLICE_X0Y16          FDRE                                         r  pc_inst/pc_reg_reg[23]/D
  -------------------------------------------------------------------    -------------------





Min Delay Paths
--------------------------------------------------------------------------------------
Slack:                    inf
  Source:                 pc_inst/pc_reg_reg[0]/C
                            (rising edge-triggered cell FDRE)
  Destination:            pc_inst/pc_reg_reg[0]/D
  Path Group:             (none)
  Path Type:              Min at Fast Process Corner
  Data Path Delay:        0.366ns  (logic 0.186ns (50.875%)  route 0.180ns (49.125%))
  Logic Levels:           2  (FDRE=1 LUT5=1)

    Location             Delay type                Incr(ns)  Path(ns)    Netlist Resource(s)
  -------------------------------------------------------------------    -------------------
    SLICE_X3Y11          FDRE                         0.000     0.000 r  pc_inst/pc_reg_reg[0]/C
    SLICE_X3Y11          FDRE (Prop_fdre_C_Q)         0.141     0.141 r  pc_inst/pc_reg_reg[0]/Q
                         net (fo=4, routed)           0.180     0.321    alu_inst/pc_out_OBUF[0]
    SLICE_X3Y11          LUT5 (Prop_lut5_I0_O)        0.045     0.366 r  alu_inst/pc_reg[0]_i_1/O
                         net (fo=1, routed)           0.000     0.366    pc_inst/pc_reg_reg[0]_0
    SLICE_X3Y11          FDRE                                         r  pc_inst/pc_reg_reg[0]/D
  -------------------------------------------------------------------    -------------------

Slack:                    inf
  Source:                 pc_inst/pc_reg_reg[16]/C
                            (rising edge-triggered cell FDRE)
  Destination:            pc_inst/pc_reg_reg[16]/D
  Path Group:             (none)
  Path Type:              Min at Fast Process Corner
  Data Path Delay:        0.420ns  (logic 0.249ns (59.291%)  route 0.171ns (40.709%))
  Logic Levels:           3  (CARRY4=1 FDRE=1 LUT5=1)

    Location             Delay type                Incr(ns)  Path(ns)    Netlist Resource(s)
  -------------------------------------------------------------------    -------------------
    SLICE_X0Y14          FDRE                         0.000     0.000 r  pc_inst/pc_reg_reg[16]/C
    SLICE_X0Y14          FDRE (Prop_fdre_C_Q)         0.141     0.141 r  pc_inst/pc_reg_reg[16]/Q
                         net (fo=4, routed)           0.171     0.312    alu_inst/pc_out_OBUF[16]
    SLICE_X0Y14          LUT5 (Prop_lut5_I0_O)        0.045     0.357 r  alu_inst/pc_reg[13]_i_2/O
                         net (fo=1, routed)           0.000     0.357    alu_inst/pc_reg[13]_i_2_n_0
    SLICE_X0Y14          CARRY4 (Prop_carry4_S[3]_O[3])
                                                      0.063     0.420 r  alu_inst/pc_reg_reg[13]_i_1/O[3]
                         net (fo=1, routed)           0.000     0.420    pc_inst/pc_reg_reg[16]_0[3]
    SLICE_X0Y14          FDRE                                         r  pc_inst/pc_reg_reg[16]/D
  -------------------------------------------------------------------    -------------------

Slack:                    inf
  Source:                 pc_inst/pc_reg_reg[12]/C
                            (rising edge-triggered cell FDRE)
  Destination:            pc_inst/pc_reg_reg[12]/D
  Path Group:             (none)
  Path Type:              Min at Fast Process Corner
  Data Path Delay:        0.431ns  (logic 0.249ns (57.750%)  route 0.182ns (42.250%))
  Logic Levels:           3  (CARRY4=1 FDRE=1 LUT5=1)

    Location             Delay type                Incr(ns)  Path(ns)    Netlist Resource(s)
  -------------------------------------------------------------------    -------------------
    SLICE_X0Y13          FDRE                         0.000     0.000 r  pc_inst/pc_reg_reg[12]/C
    SLICE_X0Y13          FDRE (Prop_fdre_C_Q)         0.141     0.141 r  pc_inst/pc_reg_reg[12]/Q
                         net (fo=4, routed)           0.182     0.323    alu_inst/pc_out_OBUF[12]
    SLICE_X0Y13          LUT5 (Prop_lut5_I0_O)        0.045     0.368 r  alu_inst/pc_reg[9]_i_2/O
                         net (fo=1, routed)           0.000     0.368    alu_inst/pc_reg[9]_i_2_n_0
    SLICE_X0Y13          CARRY4 (Prop_carry4_S[3]_O[3])
                                                      0.063     0.431 r  alu_inst/pc_reg_reg[9]_i_1/O[3]
                         net (fo=1, routed)           0.000     0.431    pc_inst/pc_reg_reg[12]_0[3]
    SLICE_X0Y13          FDRE                                         r  pc_inst/pc_reg_reg[12]/D
  -------------------------------------------------------------------    -------------------

Slack:                    inf
  Source:                 pc_inst/pc_reg_reg[4]/C
                            (rising edge-triggered cell FDRE)
  Destination:            pc_inst/pc_reg_reg[4]/D
  Path Group:             (none)
  Path Type:              Min at Fast Process Corner
  Data Path Delay:        0.431ns  (logic 0.249ns (57.737%)  route 0.182ns (42.263%))
  Logic Levels:           3  (CARRY4=1 FDRE=1 LUT5=1)

    Location             Delay type                Incr(ns)  Path(ns)    Netlist Resource(s)
  -------------------------------------------------------------------    -------------------
    SLICE_X0Y11          FDRE                         0.000     0.000 r  pc_inst/pc_reg_reg[4]/C
    SLICE_X0Y11          FDRE (Prop_fdre_C_Q)         0.141     0.141 r  pc_inst/pc_reg_reg[4]/Q
                         net (fo=8, routed)           0.182     0.323    alu_inst/pc_out_OBUF[4]
    SLICE_X0Y11          LUT5 (Prop_lut5_I0_O)        0.045     0.368 r  alu_inst/pc_reg[1]_i_3/O
                         net (fo=1, routed)           0.000     0.368    alu_inst/pc_reg[1]_i_3_n_0
    SLICE_X0Y11          CARRY4 (Prop_carry4_S[3]_O[3])
                                                      0.063     0.431 r  alu_inst/pc_reg_reg[1]_i_1/O[3]
                         net (fo=1, routed)           0.000     0.431    pc_inst/O[3]
    SLICE_X0Y11          FDRE                                         r  pc_inst/pc_reg_reg[4]/D
  -------------------------------------------------------------------    -------------------

Slack:                    inf
  Source:                 pc_inst/pc_reg_reg[20]/C
                            (rising edge-triggered cell FDRE)
  Destination:            pc_inst/pc_reg_reg[20]/D
  Path Group:             (none)
  Path Type:              Min at Fast Process Corner
  Data Path Delay:        0.433ns  (logic 0.249ns (57.473%)  route 0.184ns (42.527%))
  Logic Levels:           3  (CARRY4=1 FDRE=1 LUT5=1)

    Location             Delay type                Incr(ns)  Path(ns)    Netlist Resource(s)
  -------------------------------------------------------------------    -------------------
    SLICE_X0Y15          FDRE                         0.000     0.000 r  pc_inst/pc_reg_reg[20]/C
    SLICE_X0Y15          FDRE (Prop_fdre_C_Q)         0.141     0.141 r  pc_inst/pc_reg_reg[20]/Q
                         net (fo=4, routed)           0.184     0.325    alu_inst/pc_out_OBUF[20]
    SLICE_X0Y15          LUT5 (Prop_lut5_I0_O)        0.045     0.370 r  alu_inst/pc_reg[17]_i_2/O
                         net (fo=1, routed)           0.000     0.370    alu_inst/pc_reg[17]_i_2_n_0
    SLICE_X0Y15          CARRY4 (Prop_carry4_S[3]_O[3])
                                                      0.063     0.433 r  alu_inst/pc_reg_reg[17]_i_1/O[3]
                         net (fo=1, routed)           0.000     0.433    pc_inst/pc_reg_reg[20]_0[3]
    SLICE_X0Y15          FDRE                                         r  pc_inst/pc_reg_reg[20]/D
  -------------------------------------------------------------------    -------------------

Slack:                    inf
  Source:                 pc_inst/pc_reg_reg[28]/C
                            (rising edge-triggered cell FDRE)
  Destination:            pc_inst/pc_reg_reg[28]/D
  Path Group:             (none)
  Path Type:              Min at Fast Process Corner
  Data Path Delay:        0.433ns  (logic 0.249ns (57.473%)  route 0.184ns (42.527%))
  Logic Levels:           3  (CARRY4=1 FDRE=1 LUT5=1)

    Location             Delay type                Incr(ns)  Path(ns)    Netlist Resource(s)
  -------------------------------------------------------------------    -------------------
    SLICE_X0Y17          FDRE                         0.000     0.000 r  pc_inst/pc_reg_reg[28]/C
    SLICE_X0Y17          FDRE (Prop_fdre_C_Q)         0.141     0.141 r  pc_inst/pc_reg_reg[28]/Q
                         net (fo=4, routed)           0.184     0.325    alu_inst/pc_out_OBUF[28]
    SLICE_X0Y17          LUT5 (Prop_lut5_I0_O)        0.045     0.370 r  alu_inst/pc_reg[25]_i_2/O
                         net (fo=1, routed)           0.000     0.370    alu_inst/pc_reg[25]_i_2_n_0
    SLICE_X0Y17          CARRY4 (Prop_carry4_S[3]_O[3])
                                                      0.063     0.433 r  alu_inst/pc_reg_reg[25]_i_1/O[3]
                         net (fo=1, routed)           0.000     0.433    pc_inst/pc_reg_reg[28]_0[3]
    SLICE_X0Y17          FDRE                                         r  pc_inst/pc_reg_reg[28]/D
  -------------------------------------------------------------------    -------------------

Slack:                    inf
  Source:                 pc_inst/pc_reg_reg[13]/C
                            (rising edge-triggered cell FDRE)
  Destination:            pc_inst/pc_reg_reg[13]/D
  Path Group:             (none)
  Path Type:              Min at Fast Process Corner
  Data Path Delay:        0.438ns  (logic 0.256ns (58.384%)  route 0.182ns (41.616%))
  Logic Levels:           3  (CARRY4=1 FDRE=1 LUT5=1)

    Location             Delay type                Incr(ns)  Path(ns)    Netlist Resource(s)
  -------------------------------------------------------------------    -------------------
    SLICE_X0Y14          FDRE                         0.000     0.000 r  pc_inst/pc_reg_reg[13]/C
    SLICE_X0Y14          FDRE (Prop_fdre_C_Q)         0.141     0.141 r  pc_inst/pc_reg_reg[13]/Q
                         net (fo=4, routed)           0.182     0.323    alu_inst/pc_out_OBUF[13]
    SLICE_X0Y14          LUT5 (Prop_lut5_I0_O)        0.045     0.368 r  alu_inst/pc_reg[13]_i_5/O
                         net (fo=1, routed)           0.000     0.368    alu_inst/pc_reg[13]_i_5_n_0
    SLICE_X0Y14          CARRY4 (Prop_carry4_S[0]_O[0])
                                                      0.070     0.438 r  alu_inst/pc_reg_reg[13]_i_1/O[0]
                         net (fo=1, routed)           0.000     0.438    pc_inst/pc_reg_reg[16]_0[0]
    SLICE_X0Y14          FDRE                                         r  pc_inst/pc_reg_reg[13]/D
  -------------------------------------------------------------------    -------------------

Slack:                    inf
  Source:                 pc_inst/pc_reg_reg[25]/C
                            (rising edge-triggered cell FDRE)
  Destination:            pc_inst/pc_reg_reg[25]/D
  Path Group:             (none)
  Path Type:              Min at Fast Process Corner
  Data Path Delay:        0.439ns  (logic 0.256ns (58.372%)  route 0.183ns (41.628%))
  Logic Levels:           3  (CARRY4=1 FDRE=1 LUT5=1)

    Location             Delay type                Incr(ns)  Path(ns)    Netlist Resource(s)
  -------------------------------------------------------------------    -------------------
    SLICE_X0Y17          FDRE                         0.000     0.000 r  pc_inst/pc_reg_reg[25]/C
    SLICE_X0Y17          FDRE (Prop_fdre_C_Q)         0.141     0.141 r  pc_inst/pc_reg_reg[25]/Q
                         net (fo=4, routed)           0.183     0.324    alu_inst/pc_out_OBUF[25]
    SLICE_X0Y17          LUT5 (Prop_lut5_I0_O)        0.045     0.369 r  alu_inst/pc_reg[25]_i_5/O
                         net (fo=1, routed)           0.000     0.369    alu_inst/pc_reg[25]_i_5_n_0
    SLICE_X0Y17          CARRY4 (Prop_carry4_S[0]_O[0])
                                                      0.070     0.439 r  alu_inst/pc_reg_reg[25]_i_1/O[0]
                         net (fo=1, routed)           0.000     0.439    pc_inst/pc_reg_reg[28]_0[0]
    SLICE_X0Y17          FDRE                                         r  pc_inst/pc_reg_reg[25]/D
  -------------------------------------------------------------------    -------------------

Slack:                    inf
  Source:                 pc_inst/pc_reg_reg[9]/C
                            (rising edge-triggered cell FDRE)
  Destination:            pc_inst/pc_reg_reg[9]/D
  Path Group:             (none)
  Path Type:              Min at Fast Process Corner
  Data Path Delay:        0.439ns  (logic 0.256ns (58.372%)  route 0.183ns (41.628%))
  Logic Levels:           3  (CARRY4=1 FDRE=1 LUT5=1)

    Location             Delay type                Incr(ns)  Path(ns)    Netlist Resource(s)
  -------------------------------------------------------------------    -------------------
    SLICE_X0Y13          FDRE                         0.000     0.000 r  pc_inst/pc_reg_reg[9]/C
    SLICE_X0Y13          FDRE (Prop_fdre_C_Q)         0.141     0.141 r  pc_inst/pc_reg_reg[9]/Q
                         net (fo=6, routed)           0.183     0.324    alu_inst/pc_out_OBUF[9]
    SLICE_X0Y13          LUT5 (Prop_lut5_I0_O)        0.045     0.369 r  alu_inst/pc_reg[9]_i_5/O
                         net (fo=1, routed)           0.000     0.369    alu_inst/pc_reg[9]_i_5_n_0
    SLICE_X0Y13          CARRY4 (Prop_carry4_S[0]_O[0])
                                                      0.070     0.439 r  alu_inst/pc_reg_reg[9]_i_1/O[0]
                         net (fo=1, routed)           0.000     0.439    pc_inst/pc_reg_reg[12]_0[0]
    SLICE_X0Y13          FDRE                                         r  pc_inst/pc_reg_reg[9]/D
  -------------------------------------------------------------------    -------------------

Slack:                    inf
  Source:                 pc_inst/pc_reg_reg[21]/C
                            (rising edge-triggered cell FDRE)
  Destination:            pc_inst/pc_reg_reg[21]/D
  Path Group:             (none)
  Path Type:              Min at Fast Process Corner
  Data Path Delay:        0.441ns  (logic 0.256ns (58.109%)  route 0.185ns (41.891%))
  Logic Levels:           3  (CARRY4=1 FDRE=1 LUT5=1)

    Location             Delay type                Incr(ns)  Path(ns)    Netlist Resource(s)
  -------------------------------------------------------------------    -------------------
    SLICE_X0Y16          FDRE                         0.000     0.000 r  pc_inst/pc_reg_reg[21]/C
    SLICE_X0Y16          FDRE (Prop_fdre_C_Q)         0.141     0.141 r  pc_inst/pc_reg_reg[21]/Q
                         net (fo=4, routed)           0.185     0.326    alu_inst/pc_out_OBUF[21]
    SLICE_X0Y16          LUT5 (Prop_lut5_I0_O)        0.045     0.371 r  alu_inst/pc_reg[21]_i_5/O
                         net (fo=1, routed)           0.000     0.371    alu_inst/pc_reg[21]_i_5_n_0
    SLICE_X0Y16          CARRY4 (Prop_carry4_S[0]_O[0])
                                                      0.070     0.441 r  alu_inst/pc_reg_reg[21]_i_1/O[0]
                         net (fo=1, routed)           0.000     0.441    pc_inst/pc_reg_reg[24]_0[0]
    SLICE_X0Y16          FDRE                                         r  pc_inst/pc_reg_reg[21]/D
  -------------------------------------------------------------------    -------------------





